[debug] [2024-06-05T17:00:17.347Z] ----------------------------------------------------------------------
[debug] [2024-06-05T17:00:17.348Z] Command:       /usr/local/Cellar/node/21.1.0/bin/node /usr/local/bin/firebase init
[debug] [2024-06-05T17:00:17.349Z] CLI Version:   12.8.1
[debug] [2024-06-05T17:00:17.349Z] Platform:      darwin
[debug] [2024-06-05T17:00:17.350Z] Node Version:  v21.1.0
[debug] [2024-06-05T17:00:17.350Z] Time:          Wed Jun 05 2024 19:00:17 GMT+0200 (Central European Summer Time)
[debug] [2024-06-05T17:00:17.350Z] ----------------------------------------------------------------------
[debug] 
[debug] [2024-06-05T17:00:17.355Z] > command requires scopes: ["email","openid","https://www.googleapis.com/auth/cloudplatformprojects.readonly","https://www.googleapis.com/auth/firebase","https://www.googleapis.com/auth/cloud-platform"]
[debug] [2024-06-05T17:00:17.355Z] > authorizing via signed-in user (johnbfinberg@gmail.com)
[info] 
     ######## #### ########  ######## ########     ###     ######  ########
     ##        ##  ##     ## ##       ##     ##  ##   ##  ##       ##
     ######    ##  ########  ######   ########  #########  ######  ######
     ##        ##  ##    ##  ##       ##     ## ##     ##       ## ##
     ##       #### ##     ## ######## ########  ##     ##  ######  ########

You're about to initialize a Firebase project in this directory:

  /Users/john/Documents/projects/john-search

[info] 
=== Project Setup
[info] 
[info] First, let's associate this project directory with a Firebase project.
[info] You can create multiple project aliases by running firebase use --add, 
[info] but for now we'll just set up a default project.
[info] 
